<?xml version="1.0" encoding="UTF-8"?>
<!-- Generated by org.testng.reporters.JUnitReportReporter -->
<testsuite hostname="LAPTOP-EGP3AER7" failures="0" tests="1" name="Stepdefinitions.GaganTeng" time="0.008" errors="0" timestamp="20 Oct 2021 04:59:15 GMT" skipped="0">
  <testcase classname="Stepdefinitions.GaganTeng" name="setUp" time="0.008"/>
</testsuite> <!-- Stepdefinitions.GaganTeng -->
